




 Toggle navigation     Protocol5
    * Fibonacci_Sequence
    * Prime_Numbers
    * Precision_Calculator
    * About
    * Links
    * Contact
***** Fibonacci Number Index 5 *****
    * *** Binary Base 2: ***
      101
    * *** Ternary Base 3: ***
      12
    * *** Quinary Base 5: ***
      10
    * *** Senary Base 6: ***
      5
    * *** Octal Base 8: ***
      5
    * *** Decimal Base 10: ***
      5
    * *** Hexadecimal Radix 16: ***
      5
    * *** Hexatridecimal Radix 36: ***
      5
    * *** Radix 63404: ***
      &
<<_Previous | Fibonacci Sequence Index 5 | Next_>>
===============================================================================
 Generated by Michael_Kappel,_MCPD on 2/21/2019
