




 Toggle navigation     Protocol5
    * Fibonacci_Sequence
    * Prime_Numbers
    * Precision_Calculator
    * About
    * Links
    * Contact
***** Fibonacci Number Index 6 *****
    * *** Binary Base 2: ***
      1000
    * *** Ternary Base 3: ***
      22
    * *** Quinary Base 5: ***
      13
    * *** Senary Base 6: ***
      12
    * *** Octal Base 8: ***
      10
    * *** Decimal Base 10: ***
      8
    * *** Hexadecimal Radix 16: ***
      8
    * *** Hexatridecimal Radix 36: ***
      8
    * *** Radix 63404: ***
      )
<<_Previous | Fibonacci Sequence Index 6 | Next_>>
===============================================================================
 Generated by Michael_Kappel,_MCPD on 2/21/2019
